<?xml version="1.0" encoding="UTF-8"?>
<!-- Generated by org.testng.reporters.JUnitXMLReporter -->
<testsuite ignored="0" hostname="LAPTOP-RGJ526NM" failures="0" tests="3" name="Default test" time="156.374" errors="0" timestamp="2025-01-05T07:05:35 IST">
  <testcase classname="Testcases.ForgotpasswordTest" name="VerifyForgotpasswordEnteringCorrectemail" time="4.422"/>
  <testcase classname="Testcases.ForgotpasswordTest" name="VerifyForgotpasswordEnteringInCorrectemail" time="2.639"/>
  <testcase classname="Testcases.ForgotpasswordTest" name="VerifyForgotpasswordWithoutEnteringFields" time="2.652"/>
</testsuite> <!-- Default test -->
