<?xml version="1.0" encoding="UTF-8"?>
<!-- Generated by org.testng.reporters.JUnitXMLReporter -->
<testsuite ignored="0" hostname="LAPTOP-RGJ526NM" failures="0" tests="16" name="TutorialNinja TestCases" time="567.484" errors="0" timestamp="2025-01-04T11:03:09 IST">
  <testcase classname="Testcases.Register" name="verifyRegisteringAccountWithMandatoryFields" time="3.577"/>
  <testcase classname="Testcases.Register" name="verifyRegisteringAccountByProvidingAllFields" time="3.174"/>
  <testcase classname="Testcases.Register" name="verifyRegisteringAccountWithExistingEmailAddress" time="4.099"/>
  <testcase classname="Testcases.Register" name="verifyRegisteringAccountWithoutFillingDetails" time="2.0"/>
  <testcase classname="Testcases.Login" name="verifyLoginWithValidCredentials" time="3.046"/>
  <testcase classname="Testcases.Login" name="verifyLoginWithValidCredentials" time="2.707"/>
  <testcase classname="Testcases.Login" name="verifyLoginWithInvalidCredentials" time="2.43"/>
  <testcase classname="Testcases.Login" name="verifyLoginWithInvalidEmailAndValidPassword" time="1.85"/>
  <testcase classname="Testcases.Login" name="verifyLoginWithValidEmailAndInvalidPassword" time="1.383"/>
  <testcase classname="Testcases.Login" name="verifyLoginWithoutProvidingCredentials" time="2.741"/>
  <testcase classname="Testcases.Search" name="VerifySearchWithValidProduct" time="2.277"/>
  <testcase classname="Testcases.Search" name="VerifySearchWithInvalidProduct" time="2.779"/>
  <testcase classname="Testcases.Search" name="WithoutAnyProduct" time="2.277"/>
  <testcase classname="Testcases.Forgotpassword" name="VerifyForgotpasswordEnteringCorrectemail" time="3.915"/>
  <testcase classname="Testcases.Forgotpassword" name="VerifyForgotpasswordEnteringInCorrectemail" time="2.631"/>
  <testcase classname="Testcases.Forgotpassword" name="VerifyForgotpasswordWithoutEnteringFields" time="3.221"/>
</testsuite> <!-- TutorialNinja TestCases -->
