<?xml version="1.0" encoding="UTF-8"?>
<testng-results ignored="0" total="3" passed="3" failed="0" skipped="0">
  <reporter-output>
  </reporter-output>
  <suite started-at="2025-01-05T07:02:59 IST" name="Default suite" finished-at="2025-01-05T07:05:35 IST" duration-ms="156374">
    <groups>
    </groups>
    <test started-at="2025-01-05T07:02:59 IST" name="Default test" finished-at="2025-01-05T07:05:35 IST" duration-ms="156374">
      <class name="Testcases.ForgotpasswordTest">
        <test-method is-config="true" signature="setup()[pri:0, instance:Testcases.ForgotpasswordTest@d737b89]" started-at="2025-01-05T07:02:59 IST" name="setup" finished-at="2025-01-05T07:04:09 IST" duration-ms="70119" status="PASS">
          <reporter-output>
          </reporter-output>
        </test-method> <!-- setup -->
        <test-method signature="VerifyForgotpasswordEnteringCorrectemail()[pri:1, instance:Testcases.ForgotpasswordTest@d737b89]" started-at="2025-01-05T07:04:09 IST" name="VerifyForgotpasswordEnteringCorrectemail" finished-at="2025-01-05T07:04:13 IST" duration-ms="4422" status="PASS">
          <reporter-output>
          </reporter-output>
        </test-method> <!-- VerifyForgotpasswordEnteringCorrectemail -->
        <test-method is-config="true" signature="close()[pri:0, instance:Testcases.ForgotpasswordTest@d737b89]" started-at="2025-01-05T07:04:13 IST" name="close" finished-at="2025-01-05T07:04:14 IST" duration-ms="400" status="PASS">
          <reporter-output>
          </reporter-output>
        </test-method> <!-- close -->
        <test-method is-config="true" signature="setup()[pri:0, instance:Testcases.ForgotpasswordTest@d737b89]" started-at="2025-01-05T07:04:14 IST" name="setup" finished-at="2025-01-05T07:04:57 IST" duration-ms="42855" status="PASS">
          <reporter-output>
          </reporter-output>
        </test-method> <!-- setup -->
        <test-method signature="VerifyForgotpasswordEnteringInCorrectemail()[pri:2, instance:Testcases.ForgotpasswordTest@d737b89]" started-at="2025-01-05T07:04:57 IST" name="VerifyForgotpasswordEnteringInCorrectemail" finished-at="2025-01-05T07:04:59 IST" duration-ms="2639" status="PASS">
          <reporter-output>
          </reporter-output>
        </test-method> <!-- VerifyForgotpasswordEnteringInCorrectemail -->
        <test-method is-config="true" signature="close()[pri:0, instance:Testcases.ForgotpasswordTest@d737b89]" started-at="2025-01-05T07:04:59 IST" name="close" finished-at="2025-01-05T07:05:00 IST" duration-ms="413" status="PASS">
          <reporter-output>
          </reporter-output>
        </test-method> <!-- close -->
        <test-method is-config="true" signature="setup()[pri:0, instance:Testcases.ForgotpasswordTest@d737b89]" started-at="2025-01-05T07:05:00 IST" name="setup" finished-at="2025-01-05T07:05:32 IST" duration-ms="32425" status="PASS">
          <reporter-output>
          </reporter-output>
        </test-method> <!-- setup -->
        <test-method signature="VerifyForgotpasswordWithoutEnteringFields()[pri:3, instance:Testcases.ForgotpasswordTest@d737b89]" started-at="2025-01-05T07:05:32 IST" name="VerifyForgotpasswordWithoutEnteringFields" finished-at="2025-01-05T07:05:35 IST" duration-ms="2652" status="PASS">
          <reporter-output>
          </reporter-output>
        </test-method> <!-- VerifyForgotpasswordWithoutEnteringFields -->
        <test-method is-config="true" signature="close()[pri:0, instance:Testcases.ForgotpasswordTest@d737b89]" started-at="2025-01-05T07:05:35 IST" name="close" finished-at="2025-01-05T07:05:35 IST" duration-ms="408" status="PASS">
          <reporter-output>
          </reporter-output>
        </test-method> <!-- close -->
      </class> <!-- Testcases.ForgotpasswordTest -->
    </test> <!-- Default test -->
  </suite> <!-- Default suite -->
</testng-results>
